<?xml version="1.0" encoding="UTF-8"?>
<!-- Generated by org.testng.reporters.JUnitXMLReporter -->
<testsuite hostname="PrinceK-HR" ignored="0" name="Test" tests="3" failures="0" timestamp="26 Dec 2018 12:31:02 GMT" time="53.686" errors="0">
  <testcase name="goToICIXPrd" time="5.481" classname="ProductTest.ProductTest"/>
  <testcase name="searchForTP" time="8.014" classname="ProductTest.ProductTest"/>
  <testcase name="CreateICIXProduct" time="1.823" classname="ProductTest.ProductTest"/>
</testsuite> <!-- Test -->
